Using pre-set license
Built from '2021.1/staging' branch; Version is '2021.1.5f1 (3737af19df53) revision 3618735'; Using compiler version '192528614'; Build Type 'Release'
OS: 'Windows 10 Home; OS build 18363.1500; Version 1909; 64bit' Language: 'en' Physical Memory: 16321 MB
BatchMode: 1, IsHumanControllingUs: 0, StartBugReporterOnCrash: 0, Is64bit: 1, IsPro: 0

 COMMAND LINE ARGUMENTS:
C:\Program Files\Unity\Hub\Editor\2021.1.5f1\Editor\Unity.exe
-adb2
-batchMode
-noUpm
-name
AssetImportWorker0
-projectPath
C:/CISC 4900 Project/4900 Cells Fight Back!
-logFile
Logs/AssetImportWorker0.log
-srvPort
12438
Successfully changed project path to: C:/CISC 4900 Project/4900 Cells Fight Back!
C:/CISC 4900 Project/4900 Cells Fight Back!
Using Asset Import Pipeline V2.
Refreshing native plugins compatible for Editor in 34.19 ms, found 0 plugins.
Preloading 0 native plugins for Editor in 0.00 ms.
Initialize engine version: 2021.1.5f1 (3737af19df53)
[Subsystems] Discovering subsystems at path C:/Program Files/Unity/Hub/Editor/2021.1.5f1/Editor/Data/Resources/UnitySubsystems
[Subsystems] Discovering subsystems at path C:/CISC 4900 Project/4900 Cells Fight Back!/Assets
GfxDevice: creating device client; threaded=0; jobified=0
Direct3D:
    Version:  Direct3D 11.0 [level 11.1]
    Renderer: NVIDIA GeForce GTX 1070 (ID=0x1b81)
    Vendor:   NVIDIA
    VRAM:     8088 MB
    Driver:   25.21.14.1681
Initialize mono
Mono path[0] = 'C:/Program Files/Unity/Hub/Editor/2021.1.5f1/Editor/Data/Managed'
Mono path[1] = 'C:/Program Files/Unity/Hub/Editor/2021.1.5f1/Editor/Data/MonoBleedingEdge/lib/mono/unityjit'
Mono config path = 'C:/Program Files/Unity/Hub/Editor/2021.1.5f1/Editor/Data/MonoBleedingEdge/etc'
Using monoOptions --debugger-agent=transport=dt_socket,embedding=1,server=y,suspend=n,address=127.0.0.1:56752
Begin MonoManager ReloadAssembly
Registering precompiled unity dll's ...
Register platform support module: C:/Program Files/Unity/Hub/Editor/2021.1.5f1/Editor/Data/PlaybackEngines/WindowsStandaloneSupport/UnityEditor.WindowsStandalone.Extensions.dll
Registered in 0.003295 seconds.
Native extension for WindowsStandalone target not found
Refreshing native plugins compatible for Editor in 34.47 ms, found 0 plugins.
Preloading 0 native plugins for Editor in 0.00 ms.
Mono: successfully reloaded assembly
- Completed reload, in  1.665 seconds
Platform modules already initialized, skipping
Registering precompiled user dll's ...
Registered in 0.001107 seconds.
Begin MonoManager ReloadAssembly
Native extension for WindowsStandalone target not found
Refreshing native plugins compatible for Editor in 0.32 ms, found 0 plugins.
Preloading 0 native plugins for Editor in 0.00 ms.
Mono: successfully reloaded assembly
- Completed reload, in  1.161 seconds
Platform modules already initialized, skipping
========================================================================
Worker process is ready to serve import requests
Launched and connected shader compiler UnityShaderCompiler.exe after 0.11 seconds
Refreshing native plugins compatible for Editor in 0.30 ms, found 0 plugins.
Preloading 0 native plugins for Editor in 0.00 ms.
Unloading 1197 Unused Serialized files (Serialized files now loaded: 0)
System memory in use before: 74.7 MB.
System memory in use after: 74.8 MB.

Unloading 9 unused Assets to reduce memory usage. Loaded Objects now: 1669.
Total: 2.306500 ms (FindLiveObjects: 0.149900 ms CreateObjectMapping: 0.036800 ms MarkObjects: 2.024600 ms  DeleteObjects: 0.093600 ms)

========================================================================
Received Import Request.
  path: Assets/UI Sprites/Forward_Button.png
  artifactKey: Guid(1b6cdaf2b17ee644392c02cb0c369f1d) Importer(815301076,1909f56bfc062723c751e8b465ee728b)
Start importing Assets/UI Sprites/Forward_Button.png using Guid(1b6cdaf2b17ee644392c02cb0c369f1d) Importer(815301076,1909f56bfc062723c751e8b465ee728b)  -> (artifact id: 'fc590e31aa72eda816394fad74e574e7') in 0.210055 seconds 
========================================================================
Received Import Request.
  Time since last request: 0.000431 seconds.
  path: Assets/UI Sprites/Start Button.png
  artifactKey: Guid(64195a48f198c1749991c8503a9bbb71) Importer(815301076,1909f56bfc062723c751e8b465ee728b)
Start importing Assets/UI Sprites/Start Button.png using Guid(64195a48f198c1749991c8503a9bbb71) Importer(815301076,1909f56bfc062723c751e8b465ee728b)  -> (artifact id: '749c98bd8eb028a36e4a7d71b5581405') in 0.035961 seconds 
========================================================================
Received Import Request.
  Time since last request: 0.000325 seconds.
  path: Assets/UI Sprites/Back Button.png
  artifactKey: Guid(2f6999579ec3c0a4389044d10234f889) Importer(815301076,1909f56bfc062723c751e8b465ee728b)
Start importing Assets/UI Sprites/Back Button.png using Guid(2f6999579ec3c0a4389044d10234f889) Importer(815301076,1909f56bfc062723c751e8b465ee728b)  -> (artifact id: '8e74d611a9e3e7f01dfe1e59ab30a753') in 0.012245 seconds 
========================================================================
Received Import Request.
  Time since last request: 3.412046 seconds.
  path: Assets/UI Sprites/Instructions.png
  artifactKey: Guid(1bac010c3e0af1f4d97766831f6c08ad) Importer(815301076,1909f56bfc062723c751e8b465ee728b)
Start importing Assets/UI Sprites/Instructions.png using Guid(1bac010c3e0af1f4d97766831f6c08ad) Importer(815301076,1909f56bfc062723c751e8b465ee728b)  -> (artifact id: '28cdae5785bf8f8e201636893ee38ade') in 0.014767 seconds 
========================================================================
Received Import Request.
  Time since last request: 0.000390 seconds.
  path: Assets/UI Sprites/PlayScreen.png
  artifactKey: Guid(2cb32217e1740fe489fa7343757603f2) Importer(815301076,1909f56bfc062723c751e8b465ee728b)
Start importing Assets/UI Sprites/PlayScreen.png using Guid(2cb32217e1740fe489fa7343757603f2) Importer(815301076,1909f56bfc062723c751e8b465ee728b)  -> (artifact id: '0a99c9fb80d921035e625269b8a1f638') in 0.012089 seconds 
AssetImportWorkerClient::OnTransportError - code=2 error=End of file
